"/home/dc/Downloads/nekobox-5.10.35-linux-amd64/nekobox/usr/plugins"
qt.core.plugin.loader: In /usr/lib/x86_64-linux-gnu/qt6/plugins/platforms/libqwayland-generic.so:
  Plugin uses incompatible Qt library (6.9.0) [release]
qt.core.plugin.loader: In /usr/lib/x86_64-linux-gnu/qt6/plugins/platforms/libqeglfs.so:
  Plugin uses incompatible Qt library (6.9.0) [release]
qt.core.plugin.loader: In /usr/lib/x86_64-linux-gnu/qt6/plugins/platforms/libqminimalegl.so:
  Plugin uses incompatible Qt library (6.9.0) [release]
qt.core.plugin.loader: In /usr/lib/x86_64-linux-gnu/qt6/plugins/platforms/libqxcb.so:
  Plugin uses incompatible Qt library (6.9.0) [release]
qt.core.plugin.loader: In /usr/lib/x86_64-linux-gnu/qt6/plugins/platforms/libqoffscreen.so:
  Plugin uses incompatible Qt library (6.9.0) [release]
qt.core.plugin.loader: In /usr/lib/x86_64-linux-gnu/qt6/plugins/platforms/libqvnc.so:
  Plugin uses incompatible Qt library (6.9.0) [release]
qt.core.plugin.loader: In /usr/lib/x86_64-linux-gnu/qt6/plugins/platforms/libqlinuxfb.so:
  Plugin uses incompatible Qt library (6.9.0) [release]
qt.core.plugin.loader: In /usr/lib/x86_64-linux-gnu/qt6/plugins/platforms/libqminimal.so:
  Plugin uses incompatible Qt library (6.9.0) [release]
qt.core.plugin.loader: In /usr/lib/x86_64-linux-gnu/qt6/plugins/platforms/libqwayland-egl.so:
  Plugin uses incompatible Qt library (6.9.0) [release]
qt.core.plugin.loader: In /usr/lib/x86_64-linux-gnu/qt6/plugins/platforms/libqvkkhrdisplay.so:
  Plugin uses incompatible Qt library (6.9.0) [release]
qt.core.plugin.loader: In /usr/lib/x86_64-linux-gnu/qt6/plugins/platformthemes/libqgtk3.so:
  Plugin uses incompatible Qt library (6.9.0) [release]
qt.core.plugin.loader: In /usr/lib/x86_64-linux-gnu/qt6/plugins/platforminputcontexts/libcomposeplatforminputcontextplugin.so:
  Plugin uses incompatible Qt library (6.9.0) [release]
qt.core.plugin.loader: In /usr/lib/x86_64-linux-gnu/qt6/plugins/platforminputcontexts/libibusplatforminputcontextplugin.so:
  Plugin uses incompatible Qt library (6.9.0) [release]
qt.core.plugin.loader: In /usr/lib/x86_64-linux-gnu/qt6/plugins/iconengines/libqsvgicon.so:
  Plugin uses incompatible Qt library (6.9.0) [release]
QFSFileEngine::open: No file name specified
qt.core.plugin.loader: In /usr/lib/x86_64-linux-gnu/qt6/plugins/imageformats/libqico.so:
  Plugin uses incompatible Qt library (6.9.0) [release]
qt.core.plugin.loader: In /usr/lib/x86_64-linux-gnu/qt6/plugins/imageformats/libqsvg.so:
  Plugin uses incompatible Qt library (6.9.0) [release]
qt.core.plugin.loader: In /usr/lib/x86_64-linux-gnu/qt6/plugins/imageformats/libqjpeg.so:
  Plugin uses incompatible Qt library (6.9.0) [release]
qt.core.plugin.loader: In /usr/lib/x86_64-linux-gnu/qt6/plugins/imageformats/libqgif.so:
  Plugin uses incompatible Qt library (6.9.0) [release]
qt.core.qmetaobject.connectslotsbyname: QMetaObject::connectSlotsByName: No matching signal for on_menu_add_new_group_triggered()
qt.core.qmetaobject.connectslotsbyname: QMetaObject::connectSlotsByName: No matching signal for on_menu_add_from_file()
qt.core.plugin.loader: In /usr/lib/x86_64-linux-gnu/qt6/plugins/wayland-shell-integration/libivi-shell.so:
  Plugin uses incompatible Qt library (6.9.0) [release]
qt.core.plugin.loader: In /usr/lib/x86_64-linux-gnu/qt6/plugins/wayland-shell-integration/libfullscreen-shell-v1.so:
  Plugin uses incompatible Qt library (6.9.0) [release]
qt.core.plugin.loader: In /usr/lib/x86_64-linux-gnu/qt6/plugins/wayland-shell-integration/libwl-shell-plugin.so:
  Plugin uses incompatible Qt library (6.9.0) [release]
qt.core.plugin.loader: In /usr/lib/x86_64-linux-gnu/qt6/plugins/wayland-shell-integration/libqt-shell.so:
  Plugin uses incompatible Qt library (6.9.0) [release]
qt.core.plugin.loader: In /usr/lib/x86_64-linux-gnu/qt6/plugins/wayland-shell-integration/libxdg-shell.so:
  Plugin uses incompatible Qt library (6.9.0) [release]
qt.core.plugin.loader: In /usr/lib/x86_64-linux-gnu/qt6/plugins/wayland-graphics-integration-client/libdrm-egl-server.so:
  Plugin uses incompatible Qt library (6.9.0) [release]
qt.core.plugin.loader: In /usr/lib/x86_64-linux-gnu/qt6/plugins/wayland-graphics-integration-client/libqt-plugin-wayland-egl.so:
  Plugin uses incompatible Qt library (6.9.0) [release]
qt.core.plugin.loader: In /usr/lib/x86_64-linux-gnu/qt6/plugins/wayland-graphics-integration-client/libvulkan-server.so:
  Plugin uses incompatible Qt library (6.9.0) [release]
qt.core.plugin.loader: In /usr/lib/x86_64-linux-gnu/qt6/plugins/wayland-graphics-integration-client/libshm-emulation-server.so:
  Plugin uses incompatible Qt library (6.9.0) [release]
qt.core.plugin.loader: In /usr/lib/x86_64-linux-gnu/qt6/plugins/wayland-graphics-integration-client/libdmabuf-server.so:
  Plugin uses incompatible Qt library (6.9.0) [release]
qt.qpa.wayland: Failed to load client buffer integration: "wayland-egl"
qt.qpa.wayland: Available client buffer integrations: QList()
undefined
